<?xml version="1.0" encoding="UTF-8" ?>
<testsuite tests="1" failures="0" name="com.excilys.cdb.test.service.TestService" time="0.119" errors="1" skipped="0">
  <properties>
[...]
</properties>
  <testcase classname="com.excilys.cdb.test.service.TestService" name="canard_intersideral" time="0.119">
    <error message="
Cannot instantiate @InjectMocks field named &apos;computerService&apos;.
You haven&apos;t provided the instance at field declaration so I tried to construct the instance.
However, I failed because: the type &apos;IComputerServices&apos; is an interface.
Examples of correct usage of @InjectMocks:
   @InjectMocks Service service = new Service();
   @InjectMocks Service service;
   //also, don&apos;t forget about MockitoAnnotations.initMocks();
   //and... don&apos;t forget about some @Mocks for injection :)
" type="org.mockito.exceptions.base.MockitoException">org.mockito.exceptions.base.MockitoException: 
Cannot instantiate @InjectMocks field named &apos;computerService&apos;.
You haven&apos;t provided the instance at field declaration so I tried to construct the instance.
However, I failed because: the type &apos;IComputerServices&apos; is an interface.
Examples of correct usage of @InjectMocks:
   @InjectMocks Service service = new Service();
   @InjectMocks Service service;
   //also, don&apos;t forget about MockitoAnnotations.initMocks();
   //and... don&apos;t forget about some @Mocks for injection :)

	at com.excilys.cdb.test.service.TestService.init(TestService.java:27)
	at sun.reflect.NativeMethodAccessorImpl.invoke0(Native Method)
	at sun.reflect.NativeMethodAccessorImpl.invoke(NativeMethodAccessorImpl.java:62)
	at sun.reflect.DelegatingMethodAccessorImpl.invoke(DelegatingMethodAccessorImpl.java:43)
	at java.lang.reflect.Method.invoke(Method.java:497)
	at org.junit.runners.model.FrameworkMethod$1.runReflectiveCall(FrameworkMethod.java:44)
	at org.junit.internal.runners.model.ReflectiveCallable.run(ReflectiveCallable.java:15)
	at org.junit.runners.model.FrameworkMethod.invokeExplosively(FrameworkMethod.java:41)
	at org.junit.internal.runners.statements.RunBefores.evaluate(RunBefores.java:27)
	at org.junit.runners.BlockJUnit4ClassRunner.runChild(BlockJUnit4ClassRunner.java:76)
	at org.junit.runners.BlockJUnit4ClassRunner.runChild(BlockJUnit4ClassRunner.java:50)
	at org.junit.runners.ParentRunner$3.run(ParentRunner.java:193)
	at org.junit.runners.ParentRunner$1.schedule(ParentRunner.java:52)
	at org.junit.runners.ParentRunner.runChildren(ParentRunner.java:191)
	at org.junit.runners.ParentRunner.access$000(ParentRunner.java:42)
	at org.junit.runners.ParentRunner$2.evaluate(ParentRunner.java:184)
	at org.junit.runners.ParentRunner.run(ParentRunner.java:236)
	at org.apache.maven.surefire.junit4.JUnit4Provider.execute(JUnit4Provider.java:252)
	at org.apache.maven.surefire.junit4.JUnit4Provider.executeTestSet(JUnit4Provider.java:141)
	at org.apache.maven.surefire.junit4.JUnit4Provider.invoke(JUnit4Provider.java:112)
	at sun.reflect.NativeMethodAccessorImpl.invoke0(Native Method)
	at sun.reflect.NativeMethodAccessorImpl.invoke(NativeMethodAccessorImpl.java:62)
	at sun.reflect.DelegatingMethodAccessorImpl.invoke(DelegatingMethodAccessorImpl.java:43)
	at java.lang.reflect.Method.invoke(Method.java:497)
	at org.apache.maven.surefire.util.ReflectionUtils.invokeMethodWithArray(ReflectionUtils.java:189)
	at org.apache.maven.surefire.booter.ProviderFactory$ProviderProxy.invoke(ProviderFactory.java:165)
	at org.apache.maven.surefire.booter.ProviderFactory.invokeProvider(ProviderFactory.java:85)
	at org.apache.maven.surefire.booter.ForkedBooter.runSuitesInProcess(ForkedBooter.java:115)
	at org.apache.maven.surefire.booter.ForkedBooter.main(ForkedBooter.java:75)
Caused by: org.mockito.exceptions.base.MockitoException: the type &apos;IComputerServices&apos; is an interface.
	... 29 more
</error>
  </testcase>
</testsuite>